2025-08-18 17:01:43 [main] INFO  BaseClass - Config.properties file loaded 
2025-08-18 17:01:45 [main] INFO  BaseClass - ChromeDriver & ChromeOption Instance is created
2025-08-18 17:01:48 [main] INFO  ActionDriver - Webdriver instance is created 
2025-08-18 17:01:48 [main] INFO  BaseClass - Action Driver Instance is Created::
2025-08-18 17:01:48 [main] INFO  BaseClass - WebDriver Intialized and Browser Maximized
2025-08-18 17:01:48 [main] TRACE BaseClass - This is Trace message
2025-08-18 17:01:48 [main] DEBUG BaseClass - This is Debug message
2025-08-18 17:01:48 [main] WARN  BaseClass - This is Warn message
2025-08-18 17:01:48 [main] INFO  ActionDriver - Text is displayed on application Admin
2025-08-18 17:01:49 [main] INFO  ActionDriver - Text is displayed on application admin123
2025-08-18 17:01:49 [main] INFO  ActionDriver - Element is clicked 
2025-08-18 17:01:50 [main] INFO  ActionDriver - Elements are Displayed  
2025-08-18 17:01:50 [main] INFO  ActionDriver - Element is clicked 
2025-08-18 17:01:51 [main] INFO  ActionDriver - Element is clicked 
2025-08-18 17:01:53 [main] INFO  BaseClass - Webdriver Instance is closed 
2025-08-18 17:01:54 [main] INFO  BaseClass - ChromeDriver & ChromeOption Instance is created
2025-08-18 17:01:57 [main] INFO  ActionDriver - Webdriver instance is created 
2025-08-18 17:01:57 [main] INFO  BaseClass - Action Driver Instance is Created::
2025-08-18 17:01:57 [main] INFO  BaseClass - WebDriver Intialized and Browser Maximized
2025-08-18 17:01:57 [main] TRACE BaseClass - This is Trace message
2025-08-18 17:01:57 [main] DEBUG BaseClass - This is Debug message
2025-08-18 17:01:57 [main] WARN  BaseClass - This is Warn message
2025-08-18 17:01:57 [main] INFO  ActionDriver - Text is displayed on application Admin
2025-08-18 17:01:57 [main] INFO  ActionDriver - Text is displayed on application admin123
2025-08-18 17:01:57 [main] INFO  ActionDriver - Element is clicked 
2025-08-18 17:01:58 [main] INFO  ActionDriver - Elements are Displayed  
2025-08-18 17:01:58 [main] INFO  ActionDriver - Element is clicked 
2025-08-18 17:01:59 [main] INFO  ActionDriver - Element is clicked 
2025-08-18 17:02:01 [main] INFO  BaseClass - Webdriver Instance is closed 
2025-08-18 17:06:39 [main] INFO  BaseClass - Config.properties file loaded 
2025-08-18 17:06:40 [main] INFO  BaseClass - ChromeDriver & ChromeOption Instance is created
2025-08-18 17:06:43 [main] INFO  ActionDriver - Webdriver instance is created 
2025-08-18 17:06:43 [main] INFO  BaseClass - Action Driver Instance is Created::
2025-08-18 17:06:43 [main] INFO  BaseClass - WebDriver Intialized and Browser Maximized
2025-08-18 17:06:43 [main] TRACE BaseClass - This is Trace message
2025-08-18 17:06:43 [main] DEBUG BaseClass - This is Debug message
2025-08-18 17:06:43 [main] WARN  BaseClass - This is Warn message
2025-08-18 17:06:43 [main] INFO  ActionDriver - Text is displayed on application Admin
2025-08-18 17:06:43 [main] INFO  ActionDriver - Text is displayed on application admin123
2025-08-18 17:06:43 [main] INFO  ActionDriver - Element is clicked 
2025-08-18 17:06:44 [main] INFO  ActionDriver - Elements are Displayed  
2025-08-18 17:06:44 [main] INFO  ActionDriver - Element is clicked 
2025-08-18 17:06:45 [main] INFO  ActionDriver - Element is clicked 
2025-08-18 17:06:47 [main] INFO  BaseClass - Webdriver Instance is closed 
2025-08-18 17:06:48 [main] INFO  BaseClass - ChromeDriver & ChromeOption Instance is created
2025-08-18 17:06:51 [main] INFO  ActionDriver - Webdriver instance is created 
2025-08-18 17:06:51 [main] INFO  BaseClass - Action Driver Instance is Created::
2025-08-18 17:06:51 [main] INFO  BaseClass - WebDriver Intialized and Browser Maximized
2025-08-18 17:06:51 [main] TRACE BaseClass - This is Trace message
2025-08-18 17:06:51 [main] DEBUG BaseClass - This is Debug message
2025-08-18 17:06:51 [main] WARN  BaseClass - This is Warn message
2025-08-18 17:06:51 [main] INFO  ActionDriver - Text is displayed on application Admin
2025-08-18 17:06:51 [main] INFO  ActionDriver - Text is displayed on application admin123
2025-08-18 17:06:51 [main] INFO  ActionDriver - Element is clicked 
2025-08-18 17:06:52 [main] INFO  ActionDriver - Elements are Displayed  
2025-08-18 17:06:52 [main] INFO  ActionDriver - Element is clicked 
2025-08-18 17:06:53 [main] INFO  ActionDriver - Element is clicked 
2025-08-18 17:06:55 [main] INFO  BaseClass - Webdriver Instance is closed 
2025-09-01 17:15:18 [main] INFO  BaseClass - Config.properties file loaded 
2025-09-01 17:15:22 [main] INFO  BaseClass - ChromeDriver & ChromeOption Instance is created
2025-09-01 17:15:26 [main] INFO  ActionDriver - Webdriver instance is created 
2025-09-01 17:15:26 [main] INFO  BaseClass - Action Driver Instance is Created::
2025-09-01 17:15:26 [main] INFO  BaseClass - WebDriver Intialized and Browser Maximized
2025-09-01 17:15:26 [main] TRACE BaseClass - This is Trace message
2025-09-01 17:15:26 [main] DEBUG BaseClass - This is Debug message
2025-09-01 17:15:26 [main] WARN  BaseClass - This is Warn message
2025-09-01 17:15:26 [main] INFO  ActionDriver - Text is displayed on application Adm
2025-09-01 17:15:26 [main] INFO  ActionDriver - Text is displayed on application admin123
2025-09-01 17:15:26 [main] INFO  ActionDriver - Element is clicked 
2025-09-01 17:15:30 [main] INFO  BaseClass - Webdriver Instance is closed 
2025-09-01 17:15:32 [main] INFO  BaseClass - ChromeDriver & ChromeOption Instance is created
2025-09-01 17:15:36 [main] INFO  ActionDriver - Webdriver instance is created 
2025-09-01 17:15:36 [main] INFO  BaseClass - Action Driver Instance is Created::
2025-09-01 17:15:36 [main] INFO  BaseClass - WebDriver Intialized and Browser Maximized
2025-09-01 17:15:36 [main] TRACE BaseClass - This is Trace message
2025-09-01 17:15:36 [main] DEBUG BaseClass - This is Debug message
2025-09-01 17:15:36 [main] WARN  BaseClass - This is Warn message
2025-09-01 17:15:37 [main] INFO  ActionDriver - Text is displayed on application Admin
2025-09-01 17:15:37 [main] INFO  ActionDriver - Text is displayed on application admin123
2025-09-01 17:15:37 [main] INFO  ActionDriver - Element is clicked 
2025-09-01 17:15:38 [main] INFO  ActionDriver - Elements are Displayed  
2025-09-01 17:15:39 [main] INFO  ActionDriver - Element is clicked 
2025-09-01 17:15:54 [main] INFO  ActionDriver - Element is clicked 
2025-09-01 17:15:56 [main] INFO  BaseClass - Webdriver Instance is closed 
2025-09-01 17:15:57 [main] INFO  BaseClass - ChromeDriver & ChromeOption Instance is created
2025-09-01 17:16:01 [main] INFO  ActionDriver - Webdriver instance is created 
2025-09-01 17:16:01 [main] INFO  BaseClass - Action Driver Instance is Created::
2025-09-01 17:16:01 [main] INFO  BaseClass - WebDriver Intialized and Browser Maximized
2025-09-01 17:16:01 [main] TRACE BaseClass - This is Trace message
2025-09-01 17:16:01 [main] DEBUG BaseClass - This is Debug message
2025-09-01 17:16:01 [main] WARN  BaseClass - This is Warn message
2025-09-01 17:16:01 [main] INFO  ActionDriver - Text is displayed on application Admin
2025-09-01 17:16:02 [main] INFO  ActionDriver - Text is displayed on application admin123
2025-09-01 17:16:02 [main] INFO  ActionDriver - Element is clicked 
2025-09-01 17:16:03 [main] INFO  ActionDriver - Elements are Displayed  
2025-09-01 17:16:04 [main] INFO  ActionDriver - Element is clicked 
2025-09-01 17:16:05 [main] INFO  ActionDriver - Element is clicked 
2025-09-01 17:16:07 [main] INFO  BaseClass - Webdriver Instance is closed 
2025-10-13 14:53:03 [main] INFO  BaseClass - Config.properties file loaded 
2025-10-13 14:53:08 [TestNG-test-OrangeHrmTest-1] INFO  BaseClass - ChromeDriver & ChromeOption Instance is created
2025-10-13 14:53:08 [TestNG-test-OrangeHrmTest-2] INFO  BaseClass - ChromeDriver & ChromeOption Instance is created
2025-10-13 14:54:39 [main] INFO  BaseClass - Config.properties file loaded 
2025-10-13 14:54:41 [TestNG-test-OrangeHrmTest-1] INFO  BaseClass - ChromeDriver & ChromeOption Instance is created
2025-10-13 14:54:41 [TestNG-test-OrangeHrmTest-2] INFO  BaseClass - ChromeDriver & ChromeOption Instance is created
2025-10-13 14:54:44 [TestNG-test-OrangeHrmTest-1] INFO  ActionDriver - Webdriver instance is created 
2025-10-13 14:54:44 [TestNG-test-OrangeHrmTest-2] INFO  ActionDriver - Webdriver instance is created 
2025-10-13 14:54:44 [TestNG-test-OrangeHrmTest-2] INFO  BaseClass - Action Driver Instance is Created::34
2025-10-13 14:54:44 [TestNG-test-OrangeHrmTest-1] INFO  BaseClass - Action Driver Instance is Created::33
2025-10-13 14:54:44 [TestNG-test-OrangeHrmTest-2] INFO  BaseClass - WebDriver Intialized and Browser Maximized
2025-10-13 14:54:44 [TestNG-test-OrangeHrmTest-1] INFO  BaseClass - WebDriver Intialized and Browser Maximized
2025-10-13 14:54:44 [TestNG-test-OrangeHrmTest-2] TRACE BaseClass - This is Trace message
2025-10-13 14:54:44 [TestNG-test-OrangeHrmTest-1] TRACE BaseClass - This is Trace message
2025-10-13 14:54:44 [TestNG-test-OrangeHrmTest-2] DEBUG BaseClass - This is Debug message
2025-10-13 14:54:44 [TestNG-test-OrangeHrmTest-1] DEBUG BaseClass - This is Debug message
2025-10-13 14:54:44 [TestNG-test-OrangeHrmTest-2] WARN  BaseClass - This is Warn message
2025-10-13 14:54:44 [TestNG-test-OrangeHrmTest-1] WARN  BaseClass - This is Warn message
2025-10-13 14:54:44 [TestNG-test-OrangeHrmTest-2] INFO  ActionDriver - Text is displayed on application Admin
2025-10-13 14:54:44 [TestNG-test-OrangeHrmTest-1] INFO  ActionDriver - Text is displayed on application Adm
2025-10-13 14:54:44 [TestNG-test-OrangeHrmTest-2] INFO  ActionDriver - Text is displayed on application admin123
2025-10-13 14:54:44 [TestNG-test-OrangeHrmTest-1] INFO  ActionDriver - Text is displayed on application admin123
2025-10-13 14:54:45 [TestNG-test-OrangeHrmTest-2] INFO  ActionDriver - Element is clicked 
2025-10-13 14:55:04 [TestNG-test-OrangeHrmTest-1] INFO  BaseClass - Webdriver Instance is closed 
2025-10-13 14:55:04 [TestNG-test-OrangeHrmTest-2] INFO  BaseClass - Webdriver Instance is closed 
2025-10-13 14:55:05 [TestNG-test-OrangeHrmTest-2] INFO  BaseClass - ChromeDriver & ChromeOption Instance is created
2025-10-13 14:55:08 [TestNG-test-OrangeHrmTest-2] INFO  ActionDriver - Webdriver instance is created 
2025-10-13 14:55:08 [TestNG-test-OrangeHrmTest-2] INFO  BaseClass - Action Driver Instance is Created::34
2025-10-13 14:55:08 [TestNG-test-OrangeHrmTest-2] INFO  BaseClass - WebDriver Intialized and Browser Maximized
2025-10-13 14:55:08 [TestNG-test-OrangeHrmTest-2] TRACE BaseClass - This is Trace message
2025-10-13 14:55:08 [TestNG-test-OrangeHrmTest-2] DEBUG BaseClass - This is Debug message
2025-10-13 14:55:08 [TestNG-test-OrangeHrmTest-2] WARN  BaseClass - This is Warn message
2025-10-13 14:55:08 [TestNG-test-OrangeHrmTest-2] INFO  ActionDriver - Text is displayed on application Admin
2025-10-13 14:55:08 [TestNG-test-OrangeHrmTest-2] INFO  ActionDriver - Text is displayed on application admin123
2025-10-13 14:55:08 [TestNG-test-OrangeHrmTest-2] INFO  ActionDriver - Element is clicked 
2025-10-13 14:55:09 [TestNG-test-OrangeHrmTest-2] INFO  ActionDriver - Elements are Displayed  
2025-10-13 14:55:09 [TestNG-test-OrangeHrmTest-2] INFO  ActionDriver - Element is clicked 
2025-10-13 14:55:10 [TestNG-test-OrangeHrmTest-2] INFO  ActionDriver - Element is clicked 
2025-10-13 14:55:12 [TestNG-test-OrangeHrmTest-2] INFO  BaseClass - Webdriver Instance is closed 
2025-10-13 14:58:15 [main] INFO  BaseClass - Config.properties file loaded 
2025-10-13 14:58:17 [TestNG-test-OrangeHrmTest-1] INFO  BaseClass - ChromeDriver & ChromeOption Instance is created
2025-10-13 14:58:17 [TestNG-test-OrangeHrmTest-2] INFO  BaseClass - ChromeDriver & ChromeOption Instance is created
2025-10-13 14:58:20 [TestNG-test-OrangeHrmTest-1] INFO  ActionDriver - Webdriver instance is created 
2025-10-13 14:58:20 [TestNG-test-OrangeHrmTest-1] INFO  BaseClass - Action Driver Instance is Created::32
2025-10-13 14:58:20 [TestNG-test-OrangeHrmTest-1] INFO  BaseClass - WebDriver Intialized and Browser Maximized
2025-10-13 14:58:20 [TestNG-test-OrangeHrmTest-1] TRACE BaseClass - This is Trace message
2025-10-13 14:58:20 [TestNG-test-OrangeHrmTest-1] DEBUG BaseClass - This is Debug message
2025-10-13 14:58:20 [TestNG-test-OrangeHrmTest-2] INFO  BaseClass - Action Driver Instance is Created::33
2025-10-13 14:58:20 [TestNG-test-OrangeHrmTest-2] INFO  BaseClass - WebDriver Intialized and Browser Maximized
2025-10-13 14:58:20 [TestNG-test-OrangeHrmTest-1] WARN  BaseClass - This is Warn message
2025-10-13 14:58:20 [TestNG-test-OrangeHrmTest-2] TRACE BaseClass - This is Trace message
2025-10-13 14:58:20 [TestNG-test-OrangeHrmTest-2] DEBUG BaseClass - This is Debug message
2025-10-13 14:58:20 [TestNG-test-OrangeHrmTest-2] WARN  BaseClass - This is Warn message
2025-10-13 14:58:20 [TestNG-test-OrangeHrmTest-2] INFO  ActionDriver - Text is displayed on application Admin
2025-10-13 14:58:20 [TestNG-test-OrangeHrmTest-1] INFO  ActionDriver - Text is displayed on application Adm
2025-10-13 14:58:20 [TestNG-test-OrangeHrmTest-2] INFO  ActionDriver - Text is displayed on application admin123
2025-10-13 14:58:20 [TestNG-test-OrangeHrmTest-1] INFO  ActionDriver - Text is displayed on application admin123
2025-10-13 14:58:20 [TestNG-test-OrangeHrmTest-2] INFO  ActionDriver - Element is clicked 
2025-10-13 14:58:41 [TestNG-test-OrangeHrmTest-1] INFO  BaseClass - Webdriver Instance is closed 
2025-10-13 14:58:41 [TestNG-test-OrangeHrmTest-2] INFO  BaseClass - Webdriver Instance is closed 
2025-10-13 14:58:42 [TestNG-test-OrangeHrmTest-2] INFO  BaseClass - ChromeDriver & ChromeOption Instance is created
2025-10-13 14:58:45 [TestNG-test-OrangeHrmTest-2] INFO  ActionDriver - Webdriver instance is created 
2025-10-13 14:58:45 [TestNG-test-OrangeHrmTest-2] INFO  BaseClass - Action Driver Instance is Created::33
2025-10-13 14:58:45 [TestNG-test-OrangeHrmTest-2] INFO  BaseClass - WebDriver Intialized and Browser Maximized
2025-10-13 14:58:45 [TestNG-test-OrangeHrmTest-2] TRACE BaseClass - This is Trace message
2025-10-13 14:58:45 [TestNG-test-OrangeHrmTest-2] DEBUG BaseClass - This is Debug message
2025-10-13 14:58:45 [TestNG-test-OrangeHrmTest-2] WARN  BaseClass - This is Warn message
2025-10-13 14:58:45 [TestNG-test-OrangeHrmTest-2] INFO  ActionDriver - Text is displayed on application Admin
2025-10-13 14:58:45 [TestNG-test-OrangeHrmTest-2] INFO  ActionDriver - Text is displayed on application admin123
2025-10-13 14:58:45 [TestNG-test-OrangeHrmTest-2] INFO  ActionDriver - Element is clicked 
2025-10-13 14:58:46 [TestNG-test-OrangeHrmTest-2] INFO  ActionDriver - Elements are Displayed  
2025-10-13 14:58:47 [TestNG-test-OrangeHrmTest-2] INFO  ActionDriver - Element is clicked 
2025-10-13 14:58:48 [TestNG-test-OrangeHrmTest-2] INFO  ActionDriver - Element is clicked 
2025-10-13 14:58:50 [TestNG-test-OrangeHrmTest-2] INFO  BaseClass - Webdriver Instance is closed 
2025-10-13 16:01:00 [main] INFO  BaseClass - Config.properties file loaded 
2025-10-13 16:01:02 [TestNG-test-OrangeHrmTest-1] INFO  BaseClass - ChromeDriver & ChromeOption Instance is created
2025-10-13 16:01:02 [TestNG-test-OrangeHrmTest-2] INFO  BaseClass - ChromeDriver & ChromeOption Instance is created
2025-10-13 16:01:05 [TestNG-test-OrangeHrmTest-1] INFO  ActionDriver - Webdriver instance is created 
2025-10-13 16:01:05 [TestNG-test-OrangeHrmTest-1] INFO  BaseClass - ActionDriver Initlized for thread33
2025-10-13 16:01:05 [TestNG-test-OrangeHrmTest-1] INFO  BaseClass - WebDriver Intialized and Browser Maximized
2025-10-13 16:01:05 [TestNG-test-OrangeHrmTest-1] TRACE BaseClass - This is Trace message
2025-10-13 16:01:05 [TestNG-test-OrangeHrmTest-1] DEBUG BaseClass - This is Debug message
2025-10-13 16:01:05 [TestNG-test-OrangeHrmTest-1] WARN  BaseClass - This is Warn message
2025-10-13 16:01:05 [TestNG-test-OrangeHrmTest-2] INFO  ActionDriver - Webdriver instance is created 
2025-10-13 16:01:05 [TestNG-test-OrangeHrmTest-2] INFO  BaseClass - ActionDriver Initlized for thread34
2025-10-13 16:01:05 [TestNG-test-OrangeHrmTest-2] INFO  BaseClass - WebDriver Intialized and Browser Maximized
2025-10-13 16:01:05 [TestNG-test-OrangeHrmTest-2] TRACE BaseClass - This is Trace message
2025-10-13 16:01:05 [TestNG-test-OrangeHrmTest-2] DEBUG BaseClass - This is Debug message
2025-10-13 16:01:05 [TestNG-test-OrangeHrmTest-2] WARN  BaseClass - This is Warn message
2025-10-13 16:01:06 [TestNG-test-OrangeHrmTest-1] INFO  ActionDriver - Text is displayed on application Adm
2025-10-13 16:01:06 [TestNG-test-OrangeHrmTest-2] INFO  ActionDriver - Text is displayed on application Admin
2025-10-13 16:01:06 [TestNG-test-OrangeHrmTest-1] INFO  ActionDriver - Text is displayed on application admin123
2025-10-13 16:01:06 [TestNG-test-OrangeHrmTest-2] INFO  ActionDriver - Text is displayed on application admin123
2025-10-13 16:01:06 [TestNG-test-OrangeHrmTest-1] INFO  ActionDriver - Element is clicked 
2025-10-13 16:01:06 [TestNG-test-OrangeHrmTest-2] INFO  ActionDriver - Element is clicked 
2025-10-13 16:01:07 [TestNG-test-OrangeHrmTest-2] INFO  ActionDriver - Elements are Displayed  
2025-10-13 16:01:07 [TestNG-test-OrangeHrmTest-2] INFO  ActionDriver - Element is clicked 
2025-10-13 16:01:08 [TestNG-test-OrangeHrmTest-2] INFO  ActionDriver - Element is clicked 
2025-10-13 16:01:11 [TestNG-test-OrangeHrmTest-2] INFO  BaseClass - ChromeDriver & ChromeOption Instance is created
2025-10-13 16:01:14 [TestNG-test-OrangeHrmTest-2] INFO  ActionDriver - Webdriver instance is created 
2025-10-13 16:01:14 [TestNG-test-OrangeHrmTest-2] INFO  BaseClass - ActionDriver Initlized for thread34
2025-10-13 16:01:14 [TestNG-test-OrangeHrmTest-2] INFO  BaseClass - WebDriver Intialized and Browser Maximized
2025-10-13 16:01:14 [TestNG-test-OrangeHrmTest-2] TRACE BaseClass - This is Trace message
2025-10-13 16:01:14 [TestNG-test-OrangeHrmTest-2] DEBUG BaseClass - This is Debug message
2025-10-13 16:01:14 [TestNG-test-OrangeHrmTest-2] WARN  BaseClass - This is Warn message
2025-10-13 16:01:14 [TestNG-test-OrangeHrmTest-2] INFO  ActionDriver - Text is displayed on application Admin
2025-10-13 16:01:14 [TestNG-test-OrangeHrmTest-2] INFO  ActionDriver - Text is displayed on application admin123
2025-10-13 16:01:14 [TestNG-test-OrangeHrmTest-2] INFO  ActionDriver - Element is clicked 
2025-10-13 16:01:15 [TestNG-test-OrangeHrmTest-2] INFO  ActionDriver - Elements are Displayed  
2025-10-13 16:01:15 [TestNG-test-OrangeHrmTest-2] INFO  ActionDriver - Element is clicked 
2025-10-13 16:01:16 [TestNG-test-OrangeHrmTest-2] INFO  ActionDriver - Element is clicked 
2025-10-13 17:18:20 [main] INFO  BaseClass - Config.properties file loaded 
2025-10-13 17:18:22 [TestNG-test-OrangeHrmTest-2] INFO  BaseClass - ChromeDriver & ChromeOption Instance is created
2025-10-13 17:18:22 [TestNG-test-OrangeHrmTest-1] INFO  BaseClass - ChromeDriver & ChromeOption Instance is created
2025-10-13 17:18:24 [TestNG-test-OrangeHrmTest-2] INFO  ActionDriver - Webdriver instance is created 
2025-10-13 17:18:24 [TestNG-test-OrangeHrmTest-2] INFO  BaseClass - ActionDriver Initlized for thread36
2025-10-13 17:18:24 [TestNG-test-OrangeHrmTest-2] INFO  BaseClass - WebDriver Intialized and Browser Maximized
2025-10-13 17:18:24 [TestNG-test-OrangeHrmTest-2] TRACE BaseClass - This is Trace message
2025-10-13 17:18:24 [TestNG-test-OrangeHrmTest-2] DEBUG BaseClass - This is Debug message
2025-10-13 17:18:24 [TestNG-test-OrangeHrmTest-2] WARN  BaseClass - This is Warn message
2025-10-13 17:18:24 [TestNG-test-OrangeHrmTest-1] INFO  ActionDriver - Webdriver instance is created 
2025-10-13 17:18:24 [TestNG-test-OrangeHrmTest-1] INFO  BaseClass - ActionDriver Initlized for thread35
2025-10-13 17:18:24 [TestNG-test-OrangeHrmTest-1] INFO  BaseClass - WebDriver Intialized and Browser Maximized
2025-10-13 17:18:24 [TestNG-test-OrangeHrmTest-1] TRACE BaseClass - This is Trace message
2025-10-13 17:18:24 [TestNG-test-OrangeHrmTest-1] DEBUG BaseClass - This is Debug message
2025-10-13 17:18:24 [TestNG-test-OrangeHrmTest-1] WARN  BaseClass - This is Warn message
2025-10-13 17:18:25 [TestNG-test-OrangeHrmTest-1] INFO  ActionDriver - Text is displayed on application Adm
2025-10-13 17:18:25 [TestNG-test-OrangeHrmTest-1] INFO  ActionDriver - Text is displayed on application admin123
2025-10-13 17:18:25 [TestNG-test-OrangeHrmTest-1] INFO  ActionDriver - Element is clicked 
2025-10-13 17:19:13 [main] INFO  BaseClass - Config.properties file loaded 
2025-10-13 17:19:14 [TestNG-test-OrangeHrmTest-1] INFO  BaseClass - ChromeDriver & ChromeOption Instance is created
2025-10-13 17:19:14 [TestNG-test-OrangeHrmTest-2] INFO  BaseClass - ChromeDriver & ChromeOption Instance is created
2025-10-13 17:19:17 [TestNG-test-OrangeHrmTest-2] INFO  ActionDriver - Webdriver instance is created 
2025-10-13 17:19:17 [TestNG-test-OrangeHrmTest-2] INFO  BaseClass - ActionDriver Initlized for thread35
2025-10-13 17:19:17 [TestNG-test-OrangeHrmTest-2] INFO  BaseClass - WebDriver Intialized and Browser Maximized
2025-10-13 17:19:17 [TestNG-test-OrangeHrmTest-2] TRACE BaseClass - This is Trace message
2025-10-13 17:19:17 [TestNG-test-OrangeHrmTest-2] DEBUG BaseClass - This is Debug message
2025-10-13 17:19:17 [TestNG-test-OrangeHrmTest-2] WARN  BaseClass - This is Warn message
2025-10-13 17:19:17 [TestNG-test-OrangeHrmTest-1] INFO  ActionDriver - Webdriver instance is created 
2025-10-13 17:19:17 [TestNG-test-OrangeHrmTest-1] INFO  BaseClass - ActionDriver Initlized for thread34
2025-10-13 17:19:17 [TestNG-test-OrangeHrmTest-1] INFO  BaseClass - WebDriver Intialized and Browser Maximized
2025-10-13 17:19:17 [TestNG-test-OrangeHrmTest-1] TRACE BaseClass - This is Trace message
2025-10-13 17:19:17 [TestNG-test-OrangeHrmTest-1] DEBUG BaseClass - This is Debug message
2025-10-13 17:19:17 [TestNG-test-OrangeHrmTest-1] WARN  BaseClass - This is Warn message
2025-10-13 17:19:18 [TestNG-test-OrangeHrmTest-2] INFO  ActionDriver - Text is displayed on application Admin
2025-10-13 17:19:18 [TestNG-test-OrangeHrmTest-1] INFO  ActionDriver - Text is displayed on application Adm
2025-10-13 17:19:18 [TestNG-test-OrangeHrmTest-2] INFO  ActionDriver - Text is displayed on application admin123
2025-10-13 17:19:18 [TestNG-test-OrangeHrmTest-1] INFO  ActionDriver - Text is displayed on application admin123
2025-10-13 17:19:18 [TestNG-test-OrangeHrmTest-2] INFO  ActionDriver - Element is clicked 
2025-10-13 17:19:18 [TestNG-test-OrangeHrmTest-1] INFO  ActionDriver - Element is clicked 
2025-10-13 17:19:19 [TestNG-test-OrangeHrmTest-2] INFO  ActionDriver - Elements are Displayed  
2025-10-13 17:19:19 [TestNG-test-OrangeHrmTest-2] INFO  ActionDriver - Element is clicked 
2025-10-13 17:19:19 [TestNG-test-OrangeHrmTest-2] INFO  ActionDriver - Element is clicked 
2025-10-13 17:19:22 [TestNG-test-OrangeHrmTest-2] INFO  BaseClass - ChromeDriver & ChromeOption Instance is created
2025-10-13 17:19:25 [TestNG-test-OrangeHrmTest-2] INFO  ActionDriver - Webdriver instance is created 
2025-10-13 17:19:25 [TestNG-test-OrangeHrmTest-2] INFO  BaseClass - ActionDriver Initlized for thread35
2025-10-13 17:19:25 [TestNG-test-OrangeHrmTest-2] INFO  BaseClass - WebDriver Intialized and Browser Maximized
2025-10-13 17:19:25 [TestNG-test-OrangeHrmTest-2] TRACE BaseClass - This is Trace message
2025-10-13 17:19:25 [TestNG-test-OrangeHrmTest-2] DEBUG BaseClass - This is Debug message
2025-10-13 17:19:25 [TestNG-test-OrangeHrmTest-2] WARN  BaseClass - This is Warn message
2025-10-13 17:19:25 [TestNG-test-OrangeHrmTest-2] INFO  ActionDriver - Text is displayed on application Admin
2025-10-13 17:19:25 [TestNG-test-OrangeHrmTest-2] INFO  ActionDriver - Text is displayed on application admin123
2025-10-13 17:19:25 [TestNG-test-OrangeHrmTest-2] INFO  ActionDriver - Element is clicked 
2025-10-13 17:19:26 [TestNG-test-OrangeHrmTest-2] INFO  ActionDriver - Elements are Displayed  
2025-10-13 17:19:26 [TestNG-test-OrangeHrmTest-2] INFO  ActionDriver - Element is clicked 
2025-10-13 17:19:27 [TestNG-test-OrangeHrmTest-2] INFO  ActionDriver - Element is clicked 
